<?xml version="1.0" encoding="UTF-8"?>
<!-- Generated by org.testng.reporters.JUnitXMLReporter -->
<testsuite ignored="0" hostname="DAYA" failures="0" tests="3" name="Default test" time="22.275" errors="0" timestamp="2023-03-22T17:18:20 IST">
  <testcase classname="testngtesting.TestCases" name="searchoperation" time="2.158"/>
  <testcase classname="testngtesting.TestCases" name="clickfacebook" time="6.903"/>
  <testcase classname="testngtesting.TestCases" name="clickfacebooklogin" time="4.439"/>
</testsuite> <!-- Default test -->
