<?xml version="1.0" encoding="UTF-8"?>
<testng-results ignored="0" total="3" passed="3" failed="0" skipped="0">
  <reporter-output>
  </reporter-output>
  <suite started-at="2023-03-22T17:17:58 IST" name="Default suite" finished-at="2023-03-22T17:18:20 IST" duration-ms="22275">
    <groups>
    </groups>
    <test started-at="2023-03-22T17:17:58 IST" name="Default test" finished-at="2023-03-22T17:18:20 IST" duration-ms="22275">
      <class name="testngtesting.TestCases">
        <test-method is-config="true" signature="beforetest()[pri:0, instance:testngtesting.TestCases@6cd28fa7]" started-at="2023-03-22T17:17:58 IST" name="beforetest" finished-at="2023-03-22T17:18:04 IST" duration-ms="6270" status="PASS">
          <reporter-output>
          </reporter-output>
        </test-method> <!-- beforetest -->
        <test-method signature="searchoperation()[pri:-1, instance:testngtesting.TestCases@6cd28fa7]" started-at="2023-03-22T17:18:04 IST" name="searchoperation" finished-at="2023-03-22T17:18:06 IST" duration-ms="2158" status="PASS">
          <reporter-output>
          </reporter-output>
        </test-method> <!-- searchoperation -->
        <test-method signature="clickfacebook()[pri:0, instance:testngtesting.TestCases@6cd28fa7]" started-at="2023-03-22T17:18:06 IST" name="clickfacebook" finished-at="2023-03-22T17:18:13 IST" duration-ms="6903" status="PASS">
          <reporter-output>
          </reporter-output>
        </test-method> <!-- clickfacebook -->
        <test-method signature="clickfacebooklogin()[pri:1, instance:testngtesting.TestCases@6cd28fa7]" started-at="2023-03-22T17:18:13 IST" name="clickfacebooklogin" finished-at="2023-03-22T17:18:17 IST" duration-ms="4439" status="PASS">
          <reporter-output>
          </reporter-output>
        </test-method> <!-- clickfacebooklogin -->
        <test-method is-config="true" signature="closebrowser()[pri:0, instance:testngtesting.TestCases@6cd28fa7]" started-at="2023-03-22T17:18:17 IST" name="closebrowser" finished-at="2023-03-22T17:18:20 IST" duration-ms="2440" status="PASS">
          <reporter-output>
          </reporter-output>
        </test-method> <!-- closebrowser -->
      </class> <!-- testngtesting.TestCases -->
    </test> <!-- Default test -->
  </suite> <!-- Default suite -->
</testng-results>
